08.01.2023 21:12 | Scene-Ex-K-Lamp-Kapkan | 0h 0m 33s
08.01.2023 21:14 | Scene-Ex-K-Lamp-Kapkan | 0h 0m 31s
09.27.2023 23:48 | Scene-ConcertHall | 0h 1m 11s
09.27.2023 23:50 | Scene-ConcertHall | 0h 1m 10s
09.27.2023 23:55 | Scene-ConcertHall | 0h 1m 30s
09.28.2023 00:01 | Scene-ConcertHall | 0h 1m 21s
09.28.2023 00:05 | Scene-ConcertHall | 0h 1m 25s
09.28.2023 00:09 | Scene-ConcertHall | 0h 1m 32s
09.28.2023 00:12 | Scene-ConcertHall | 0h 1m 41s
09.28.2023 00:17 | Scene-ConcertHall | 0h 1m 39s
09.28.2023 00:25 | Scene-ConcertHall | 0h 2m 30s
09.28.2023 00:29 | Scene-ConcertHall | 0h 2m 17s
09.28.2023 00:51 | Scene-ConcertHall | 0h 2m 18s
09.28.2023 00:55 | Scene-ConcertHall | 0h 2m 5s
09.28.2023 00:58 | Scene-ConcertHall | 0h 2m 2s
09.28.2023 01:03 | Scene-ConcertHall | 0h 1m 52s
09.28.2023 01:07 | Scene-ConcertHall | 0h 2m 6s
09.28.2023 01:19 | Scene-ConcertHall | 0h 2m 2s
09.29.2023 00:32 | Scene-ConcertHall | 0h 3m 12s
09.29.2023 00:37 | Scene-ConcertHall | 0h 2m 28s
09.29.2023 00:40 | Scene-ConcertHall | 0h 2m 14s
09.29.2023 00:54 | Scene-ConcertHall | 0h 2m 23s
09.29.2023 01:06 | Scene-ConcertHall | 0h 2m 23s
09.29.2023 01:15 | Scene-ConcertHall | 0h 1m 37s
09.29.2023 01:17 | Scene-ConcertHall | 0h 1m 29s
09.29.2023 01:35 | Scene-ConcertHall | 0h 1m 47s
09.29.2023 01:38 | Scene-ConcertHall | 0h 1m 48s
09.29.2023 01:41 | Scene-ConcertHall | 0h 1m 44s
09.29.2023 01:44 | Scene-ConcertHall | 0h 1m 53s
09.29.2023 01:59 | Scene-ConcertHall | 0h 1m 48s
09.29.2023 02:58 | Scene-ConcertHall | 0h 2m 15s
09.29.2023 03:01 | Scene-ConcertHall | 0h 2m 1s
<<<<<<< Updated upstream
10.15.2023 01:43 | Scene-ConcertHall | 0h 2m 40s
10.15.2023 01:47 | Scene-ConcertHall | 0h 2m 35s
10.15.2023 01:50 | Scene-ConcertHall | 0h 0m 39s
10.15.2023 11:44 | Scene-ConcertHall | 0h 0m 43s
10.15.2023 11:48 | Scene-ConcertHall | 0h 0m 40s
10.15.2023 12:01 | Scene-ConcertHall | 0h 0m 40s
10.15.2023 12:08 | Scene-ConcertHall | 0h 0m 39s
10.15.2023 19:06 | Scene-ConcertHall | 0h 0m 36s
10.15.2023 19:09 | Scene-ConcertHall | 0h 0m 34s
10.15.2023 19:11 | Scene-ConcertHall | 0h 0m 36s
10.15.2023 19:14 | Scene-ConcertHall | 0h 0m 36s
10.15.2023 19:15 | Scene-ConcertHall | 0h 0m 35s
10.15.2023 19:17 | Scene-ConcertHall | 0h 0m 35s
10.15.2023 19:18 | Scene-ConcertHall | 0h 0m 35s
10.15.2023 19:20 | Scene-ConcertHall | 0h 0m 35s
10.15.2023 19:25 | Scene-ConcertHall | 0h 0m 35s
=======
10/15/2023 16:08 | Hall | 0h 0m 16s
10/15/2023 16:32 | Hall | 0h 0m 23s
10/15/2023 16:34 | Hall | 0h 0m 28s
10/15/2023 16:34 | Hall | 0h 0m 23s
10/15/2023 16:40 | Hall | 0h 0m 28s
10/15/2023 16:43 | example_lights | 0h 0m 20s
10/15/2023 16:47 | Hall | 0h 0m 27s
10/15/2023 16:49 | Hall | 0h 0m 26s
10/15/2023 16:50 | Hall | 0h 0m 26s
>>>>>>> Stashed changes
10.18.2023 00:35 | Scene-ConcertHall | 0h 2m 12s
10.18.2023 00:40 | Scene-ConcertHall | 0h 1m 34s
10.18.2023 00:54 | Scene-ConcertHall | 0h 1m 46s
10.18.2023 00:57 | Scene-ConcertHall | 0h 1m 40s
10.18.2023 16:26 | Scene-ConcertHall | 0h 2m 3s
10.18.2023 16:32 | Scene-ConcertHall | 0h 1m 40s
10.18.2023 18:32 | Scene-ConcertHall | 0h 1m 56s
10.18.2023 18:51 | Scene-ConcertHall | 0h 2m 14s
10.19.2023 00:06 | Scene-ConcertHall | 0h 1m 28s
10.19.2023 00:11 | Scene-ConcertHall | 0h 1m 19s
10.19.2023 00:19 | Scene-ConcertHall | 0h 3m 58s
10.19.2023 00:30 | Scene-ConcertHall | 0h 5m 13s
10.19.2023 00:42 | Scene-ConcertHall | 0h 4m 41s
10.19.2023 21:26 | Scene-ConcertHall | 0h 3m 39s
10.19.2023 21:36 | Scene-ConcertHall | 0h 2m 48s
10.19.2023 21:40 | Scene-ConcertHall | 0h 1m 56s
10.19.2023 21:45 | Scene-ConcertHall | 0h 2m 0s
10.19.2023 21:54 | Scene-ConcertHall | 0h 2m 36s
10.19.2023 22:00 | Scene-ConcertHall | 0h 2m 27s
10.19.2023 22:04 | Scene-ConcertHall | 0h 2m 35s
10.19.2023 22:08 | Scene-ConcertHall | 0h 2m 41s
10.19.2023 22:11 | Scene-ConcertHall | 0h 2m 36s
10.19.2023 22:15 | Scene-ConcertHall | 0h 2m 38s
10.19.2023 22:36 | Scene-ConcertHall | 0h 3m 9s
10.19.2023 22:44 | Scene-ConcertHall | 0h 3m 33s
10.19.2023 22:58 | Scene-ConcertHall | 0h 11m 42s
10.19.2023 23:14 | Scene-ConcertHall | 0h 11m 28s
10.20.2023 19:34 | Scene-ConcertHall | 0h 12m 11s
10.20.2023 20:12 | Scene-ConcertHall | 0h 11m 18s
10.20.2023 20:37 | Scene-ConcertHall | 0h 7m 39s
10.20.2023 23:07 | Scene-ConcertHall | 0h 7m 5s
10.20.2023 23:22 | Scene-ConcertHall | 0h 3m 3s
10.20.2023 23:27 | Scene-ConcertHall | 0h 2m 59s
10.20.2023 23:34 | Scene-ConcertHall | 0h 2m 45s
10.21.2023 00:09 | Scene-ConcertHall | 0h 2m 48s
10.21.2023 00:21 | Scene-ConcertHall | 0h 11m 47s
11.02.2023 01:09 | Scene-ConcertHall | 0h 7m 58s
11.02.2023 01:50 | Scene-ConcertHall | 0h 2m 39s
11.02.2023 01:55 | Scene-ConcertHall | 0h 2m 52s
11.02.2023 02:01 | Scene-ConcertHall | 0h 2m 47s
11.02.2023 02:07 | Scene-ConcertHall | 0h 2m 51s
11.02.2023 02:11 | Scene-ConcertHall | 0h 2m 51s
11.02.2023 02:17 | Scene-ConcertHall | 0h 2m 50s
11.02.2023 02:21 | Scene-ConcertHall | 0h 2m 23s
11.02.2023 02:25 | Scene-ConcertHall | 0h 2m 20s
11.02.2023 02:32 | Scene-ConcertHall | 0h 2m 46s
11.02.2023 02:45 | Scene-ConcertHall | 0h 10m 19s
